
     | | | | | | |
   _________________
  -|               |-
  -|               |-
  -|               |-
  -|    CYPRESS    |-
  -|               |-
  -|               |-   Warp VHDL Synthesis Compiler: Version 6.3 IR 35
  -|               |-   Copyright (C) 1991-2001 Cypress Semiconductor
   |_______________|
     | | | | | | |

======================================================================
Compiling:  Demux.vhd
Options:    -m -yu -e10 -w100 -o2 -ygs -fP -v10 -dc22v10 -ppalc22v10d-25pc -b Demux.vhd -u Demux_8_1.hie
======================================================================

vhdlfe V6.3 IR 35:  VHDL parser
Thu Nov 22 15:36:00 2018

Library 'work' => directory 'lc22v10'
Linking 'C:\Program Files\Cypress\Warp\bin\std.vhd'.
Linking 'C:\Program Files\Cypress\Warp\lib\common\cypress.vhd'.
Linking 'C:\Program Files\Cypress\Warp\lib\common\work\cypress.vif'.
Library 'ieee' => directory 'C:\Program Files\Cypress\Warp\lib\ieee\work'
Linking 'C:\Program Files\Cypress\Warp\lib\ieee\work\stdlogic.vif'.
Linking 'C:\Program Files\Cypress\Warp\lib\ieee\work\num_std.vif'.

vhdlfe:  No errors.


tovif V6.3 IR 35:  High-level synthesis
Thu Nov 22 15:36:01 2018

Linking 'C:\Program Files\Cypress\Warp\bin\std.vhd'.
Linking 'C:\Program Files\Cypress\Warp\lib\common\cypress.vhd'.
Linking 'C:\Program Files\Cypress\Warp\lib\common\work\cypress.vif'.
Linking 'C:\Program Files\Cypress\Warp\lib\ieee\work\stdlogic.vif'.
Linking 'C:\Program Files\Cypress\Warp\lib\ieee\work\num_std.vif'.
Demux.vhd (line 18, col 33):  Warning: (W479) 'c' should be referenced in the sensitivity list.
Demux.vhd (line 19, col 33):  Warning: (W479) 'd' should be referenced in the sensitivity list.
Demux.vhd (line 20, col 33):  Warning: (W479) 'e' should be referenced in the sensitivity list.
Demux.vhd (line 21, col 33):  Warning: (W479) 'f' should be referenced in the sensitivity list.
Demux.vhd (line 22, col 33):  Warning: (W479) 'g' should be referenced in the sensitivity list.
Demux.vhd (line 23, col 33):  Warning: (W479) 'a' should be referenced in the sensitivity list.
Demux.vhd (line 24, col 33):  Warning: (W479) 'b' should be referenced in the sensitivity list.

tovif:  No errors.  7 warnings.


topld V6.3 IR 35:  Synthesis and optimization
Thu Nov 22 15:36:01 2018

Linking 'C:\Program Files\Cypress\Warp\bin\std.vhd'.
Linking 'C:\Program Files\Cypress\Warp\lib\common\cypress.vhd'.
Linking 'C:\Program Files\Cypress\Warp\lib\common\work\cypress.vif'.
Linking 'C:\Program Files\Cypress\Warp\lib\ieee\work\stdlogic.vif'.
Linking 'C:\Program Files\Cypress\Warp\lib\ieee\work\num_std.vif'.

----------------------------------------------------------
Detecting unused logic.
----------------------------------------------------------



------------------------------------------------------
Alias Detection
------------------------------------------------------

------------------------------------------------------
Aliased 0 equations, 0 wires.
------------------------------------------------------

----------------------------------------------------------
Circuit simplification
----------------------------------------------------------

----------------------------------------------------------
Circuit simplification results:

	Expanded 0 signals.
	Turned 0 signals into soft nodes.
	Maximum default expansion cost was set at 10.
----------------------------------------------------------
Created 11 PLD nodes.

topld:  No errors.

----------------------------------------------------------------------------
PLD Optimizer Software:       DSGNOPT.EXE    31/03/2000  [v4.02 ] 6.3 IR 35

DESIGN HEADER INFORMATION  (15:36:02)

Input File(s): Demux.pla
Device       : C22V10
Package      : palc22v10d-25pc
ReportFile   : Demux.rpt

Program Controls:
    COMMAND LANGUAGE_VHDL 
    COMMAND PROPERTY BUS_HOLD ENABLE 

Signal Requests:
    GROUP USEPOL ALL
    GROUP FAST_SLEW ALL

Completed Successfully  
----------------------------------------------------------------------------
PLD Optimizer Software:       DSGNOPT.EXE    31/03/2000  [v4.02 ] 6.3 IR 35

OPTIMIZATION OPTIONS       (15:36:02)

Messages:
  Information: Optimizing logic using best output polarity for signals:
         o



Summary:
                 Error Count = 0      Warning Count = 0

Completed Successfully  
----------------------------------------------------------------------------
PLD Optimizer Software:       MINOPT.EXE     01/NOV/1999  [v4.02 ] 6.3 IR 35

LOGIC MINIMIZATION         ()

Messages:


Summary:
                 Error Count = 0      Warning Count = 0

Completed Successfully
----------------------------------------------------------------------------
PLD Optimizer Software:       DSGNOPT.EXE    31/03/2000  [v4.02 ] 6.3 IR 35

OPTIMIZATION OPTIONS       (15:36:02)

Messages:
  Information: Optimizing Banked Preset/Reset requirements.


Summary:
                 Error Count = 0      Warning Count = 0

Completed Successfully  
----------------------------------------------------------------------------
PLD Compiler Software:        PLA2JED.EXE    31/03/2000  [v4.02 ] 6.3 IR 35

<CYPRESSTAG name="Equations" icon=FILE_RPT_EQUATION>
DESIGN EQUATIONS           (15:36:02)
</CYPRESSTAG>

    o =
          b * /s(0) * s(1) * s(2) 
        + a * s(0) * /s(1) * s(2) 
        + g * /s(0) * /s(1) * s(2) 
        + f * s(0) * s(1) * /s(2) 
        + e * /s(0) * s(1) * /s(2) 
        + d * s(0) * /s(1) * /s(2) 
        + c * /s(0) * /s(1) * /s(2) 


Completed Successfully  
----------------------------------------------------------------------------
PLD Compiler Software:        PLA2JED.EXE    31/03/2000  [v4.02 ] 6.3 IR 35

DESIGN RULE CHECK          (15:36:02)

Messages:
                 None.


Summary:
                 Error Count = 0      Warning Count = 0

Completed Successfully  
----------------------------------------------------------------------------
PLD Compiler Software:        PLA2JED.EXE    31/03/2000  [v4.02 ] 6.3 IR 35

<CYPRESSTAG name="Pinout" icon=FILE_RPT_PINOUT>
PINOUT INFORMATION   (15:36:02)
</CYPRESSTAG>
Messages:
  Information: Checking for duplicate NODE logic.
                 None.


                                 C22V10
                 __________________________________________
           s(2) =| 1|                                  |24|* not used       
           s(1) =| 2|                                  |23|* not used       
           s(0) =| 3|                                  |22|* not used       
              g =| 4|                                  |21|* not used       
              f =| 5|                                  |20|* not used       
              e =| 6|                                  |19|* not used       
              d =| 7|                                  |18|* not used       
              c =| 8|                                  |17|* not used       
              b =| 9|                                  |16|* not used       
              a =|10|                                  |15|* not used       
       not used *|11|                                  |14|= o              
       not used *|12|                                  |13|* not used       
                 __________________________________________


Summary:
                 Error Count = 0      Warning Count = 0

Completed Successfully  
----------------------------------------------------------------------------
PLD Compiler Software:        PLA2JED.EXE    31/03/2000  [v4.02 ] 6.3 IR 35

<CYPRESSTAG name="Utilization" icon=FILE_RPT_UTILIZATION>
RESOURCE UTILIZATION (15:36:02)
</CYPRESSTAG>
  Information: Macrocell Utilization.

                     Description        Used     Max
                 ______________________________________
                 | Dedicated Inputs   |    9  |   11  |
                 | Clock/Inputs       |    1  |    1  |
                 | I/O Macrocells     |    1  |   10  |
                 ______________________________________
                                          11  /   22   = 50  %


  Information: Output Logic Product Term Utilization.

                  Node#  Output Signal Name  Used   Max
                 ________________________________________
                 | 14  |  o               |   7  |   8  |
                 | 15  |  Unused          |   0  |  10  |
                 | 16  |  Unused          |   0  |  12  |
                 | 17  |  Unused          |   0  |  14  |
                 | 18  |  Unused          |   0  |  16  |
                 | 19  |  Unused          |   0  |  16  |
                 | 20  |  Unused          |   0  |  14  |
                 | 21  |  Unused          |   0  |  12  |
                 | 22  |  Unused          |   0  |  10  |
                 | 23  |  Unused          |   0  |   8  |
                 | 25  |  Unused          |   0  |   1  |
                 ________________________________________
                                              7  / 121   = 5   %


Completed Successfully  
----------------------------------------------------------------------------
PLD Compiler Software:        PLA2JED.EXE    31/03/2000  [v4.02 ] 6.3 IR 35

JEDEC ASSEMBLE             (15:36:02)

Messages:
  Information: Output file 'Demux.pin' created.
  Information: Output file 'Demux.jed' created.

  Usercode:    
  Checksum:    2A7D



Summary:
                 Error Count = 0      Warning Count = 0

Completed Successfully at 15:36:02
